TN:
SF:script/Deploy.s.sol
FN:13,DeployScript.run
FNDA:0,DeployScript.run
DA:14,0
DA:14,0
DA:16,0
DA:16,0
DA:16,0
DA:17,0
DA:17,0
DA:18,0
DA:18,0
DA:20,0
DA:20,0
DA:22,0
DA:22,0
DA:29,0
DA:29,0
DA:31,0
DA:31,0
FNF:1
FNH:0
LF:8
LH:0
BRF:0
BRH:0
end_of_record
TN:
SF:script/DeployAnvil.s.sol
FN:16,DeployAnvilScript.run
FNDA:0,DeployAnvilScript.run
DA:17,0
DA:17,0
DA:19,0
DA:19,0
DA:19,0
DA:21,0
DA:21,0
DA:22,0
DA:22,0
DA:24,0
DA:24,0
DA:25,0
DA:25,0
DA:27,0
DA:27,0
DA:27,0
DA:29,0
DA:29,0
DA:36,0
DA:36,0
FNF:1
FNH:0
LF:9
LH:0
BRF:0
BRH:0
end_of_record
TN:
SF:src/DynamicFeeCalculator.sol
FN:16,DynamicFeeCalculator.
FNDA:0,DynamicFeeCalculator.
DA:17,0
DA:17,0
FN:20,DynamicFeeCalculator.calculateFee
FNDA:1167,DynamicFeeCalculator.calculateFee
DA:26,1167
DA:26,1167
FN:31,DynamicFeeCalculator.setBaseFee
FNDA:1,DynamicFeeCalculator.setBaseFee
DA:32,1
DA:32,1
DA:33,1
DA:33,1
FN:36,DynamicFeeCalculator.setLinearFee
FNDA:1,DynamicFeeCalculator.setLinearFee
DA:37,1
DA:37,1
DA:38,1
DA:38,1
FN:41,DynamicFeeCalculator.setPenaltyFee
FNDA:1,DynamicFeeCalculator.setPenaltyFee
DA:42,1
DA:42,1
DA:43,1
DA:43,1
FNF:5
FNH:4
LF:8
LH:7
BRF:0
BRH:0
end_of_record
TN:
SF:src/EnsAuctions.sol
FN:104,EnsAuctions.
FNDA:0,EnsAuctions.
DA:110,0
DA:110,0
DA:111,0
DA:111,0
DA:112,0
DA:112,0
DA:113,0
DA:113,0
DA:114,0
DA:114,0
FN:124,EnsAuctions.startAuction
FNDA:583,EnsAuctions.startAuction
DA:130,583
DA:130,583
DA:132,583
DA:132,583
DA:132,583
BRDA:132,0,0,582
BRDA:132,0,1,1
DA:132,1
DA:133,582
DA:133,582
BRDA:133,1,0,581
BRDA:133,1,1,1
DA:133,1
DA:134,581
DA:134,581
BRDA:134,2,0,580
BRDA:134,2,1,1
DA:134,1
DA:135,580
DA:135,580
DA:135,580
DA:135,578
BRDA:135,3,0,578
BRDA:135,3,1,2
DA:135,2
DA:136,578
DA:136,578
DA:136,578
DA:136,577
BRDA:136,4,0,577
BRDA:136,4,1,1
DA:136,1
DA:138,577
DA:138,577
DA:140,572
DA:140,572
DA:140,572
DA:141,572
DA:141,572
DA:141,572
DA:143,572
DA:143,572
DA:144,572
DA:144,572
DA:145,572
DA:145,572
DA:146,572
DA:146,572
DA:147,572
DA:147,572
DA:148,572
DA:148,572
DA:149,572
DA:149,572
DA:151,572
DA:151,572
DA:151,2282
DA:151,2282
DA:152,1710
DA:152,1710
DA:155,572
DA:155,572
DA:156,572
DA:156,572
DA:158,572
DA:158,572
DA:158,572
DA:159,572
DA:159,572
BRDA:159,5,0,572
BRDA:159,5,1,-
DA:159,0
DA:161,572
DA:161,572
FN:180,EnsAuctions.bid
FNDA:571,EnsAuctions.bid
DA:181,571
DA:181,571
DA:182,571
DA:182,571
DA:184,571
DA:184,571
BRDA:184,6,0,570
BRDA:184,6,1,1
DA:185,1
DA:185,1
DA:188,570
DA:188,570
BRDA:188,7,0,569
BRDA:188,7,1,1
DA:189,1
DA:189,1
DA:192,569
DA:192,569
BRDA:192,8,0,568
BRDA:192,8,1,1
DA:193,1
DA:193,1
DA:196,568
DA:196,568
BRDA:196,9,0,567
BRDA:196,9,1,1
DA:197,1
DA:197,1
DA:200,567
DA:200,567
DA:200,567
BRDA:200,10,0,567
BRDA:200,10,1,1
DA:201,1
DA:201,1
DA:204,567
DA:204,567
DA:206,567
DA:206,567
BRDA:206,11,0,295
BRDA:206,11,1,272
DA:207,295
DA:207,295
DA:209,272
DA:209,272
DA:212,295
DA:212,295
BRDA:212,12,0,564
BRDA:212,12,1,3
DA:213,3
DA:213,3
DA:216,564
DA:216,564
DA:218,564
DA:218,564
DA:220,564
DA:220,564
DA:221,563
DA:221,563
DA:223,563
DA:223,563
DA:224,563
DA:224,563
DA:226,563
DA:226,563
DA:226,563
BRDA:226,13,0,563
BRDA:226,13,1,268
DA:227,268
DA:227,268
DA:228,268
DA:228,268
DA:229,268
DA:229,268
DA:232,564
DA:232,564
FN:242,EnsAuctions.buyNow
FNDA:7,EnsAuctions.buyNow
DA:243,7
DA:243,7
DA:244,7
DA:244,7
DA:246,7
DA:246,7
BRDA:246,14,0,6
BRDA:246,14,1,1
DA:247,1
DA:247,1
DA:250,6
DA:250,6
BRDA:250,15,0,5
BRDA:250,15,1,1
DA:251,1
DA:251,1
DA:254,5
DA:254,5
DA:256,5
DA:256,5
DA:257,5
DA:257,5
DA:258,5
DA:258,5
DA:260,5
DA:260,5
DA:261,5
DA:261,5
DA:262,5
DA:262,5
DA:264,5
DA:264,5
DA:266,5
DA:266,5
FN:276,EnsAuctions.claim
FNDA:9,EnsAuctions.claim
DA:277,9
DA:277,9
DA:278,9
DA:278,9
DA:280,9
DA:280,9
BRDA:280,16,0,7
BRDA:280,16,1,2
DA:281,2
DA:281,2
DA:284,7
DA:284,7
BRDA:284,17,0,6
BRDA:284,17,1,1
DA:285,1
DA:285,1
DA:288,6
DA:288,6
DA:290,6
DA:290,6
DA:291,6
DA:291,6
DA:292,6
DA:292,6
DA:294,6
DA:294,6
DA:296,6
DA:296,6
FN:306,EnsAuctions.markAbandoned
FNDA:7,EnsAuctions.markAbandoned
DA:307,7
DA:307,7
DA:309,7
DA:309,7
BRDA:309,18,0,6
BRDA:309,18,1,1
DA:310,1
DA:310,1
DA:313,6
DA:313,6
BRDA:313,19,0,5
BRDA:313,19,1,1
DA:314,1
DA:314,1
DA:317,5
DA:317,5
DA:317,5
BRDA:317,20,0,4
BRDA:317,20,1,1
DA:318,1
DA:318,1
DA:321,4
DA:321,4
DA:321,4
BRDA:321,21,0,3
BRDA:321,21,1,1
DA:322,1
DA:322,1
DA:325,3
DA:325,3
DA:327,3
DA:327,3
DA:328,3
DA:328,3
DA:329,3
DA:329,3
DA:331,3
DA:331,3
DA:333,3
DA:333,3
FN:343,EnsAuctions.markUnclaimable
FNDA:14,EnsAuctions.markUnclaimable
DA:344,14
DA:344,14
DA:346,14
DA:346,14
BRDA:346,22,0,12
BRDA:346,22,1,2
DA:347,2
DA:347,2
DA:350,12
DA:350,12
DA:350,12
BRDA:350,23,0,10
BRDA:350,23,1,2
DA:351,2
DA:351,2
DA:354,10
DA:354,10
BRDA:354,24,0,8
BRDA:354,24,1,2
DA:355,2
DA:355,2
DA:358,8
DA:358,8
BRDA:358,25,0,6
BRDA:358,25,1,2
DA:359,2
DA:359,2
DA:362,6
DA:362,6
DA:364,6
DA:364,6
DA:365,6
DA:365,6
DA:367,6
DA:367,6
DA:369,6
DA:369,6
FN:386,EnsAuctions.calculateFee
FNDA:1167,EnsAuctions.calculateFee
DA:387,1167
DA:387,1167
DA:389,1167
DA:389,1167
DA:389,1167
FN:402,EnsAuctions.withdrawBalance
FNDA:5,EnsAuctions.withdrawBalance
DA:403,5
DA:403,5
DA:403,5
DA:405,5
DA:405,5
DA:406,5
DA:406,5
DA:408,5
DA:408,5
DA:408,5
DA:409,5
DA:409,5
BRDA:409,26,0,5
BRDA:409,26,1,-
DA:409,0
DA:411,5
DA:411,5
FN:420,EnsAuctions.getAuctionTokens
FNDA:2,EnsAuctions.getAuctionTokens
DA:421,2
DA:421,2
DA:423,2
DA:423,2
DA:423,2
DA:425,2
DA:425,2
DA:427,2
DA:427,2
DA:427,8
DA:427,8
DA:428,6
DA:428,6
DA:431,0
DA:431,0
FN:440,EnsAuctions.setFeeCalculator
FNDA:1,EnsAuctions.setFeeCalculator
DA:441,1
DA:441,1
DA:442,1
DA:442,1
FN:445,EnsAuctions.setFeeRecipient
FNDA:1,EnsAuctions.setFeeRecipient
DA:446,1
DA:446,1
DA:447,1
DA:447,1
FN:450,EnsAuctions.setMaxTokens
FNDA:3,EnsAuctions.setMaxTokens
DA:451,3
DA:451,3
DA:452,3
DA:452,3
FN:455,EnsAuctions.setMinBuyNowPrice
FNDA:1,EnsAuctions.setMinBuyNowPrice
DA:456,1
DA:456,1
DA:457,1
DA:457,1
FN:460,EnsAuctions.setMinStartingBid
FNDA:1,EnsAuctions.setMinStartingBid
DA:461,1
DA:461,1
DA:462,1
DA:462,1
FN:465,EnsAuctions.setMinBidIncrement
FNDA:2,EnsAuctions.setMinBidIncrement
DA:466,2
DA:466,2
DA:467,2
DA:467,2
FN:470,EnsAuctions.setAuctionDuration
FNDA:1,EnsAuctions.setAuctionDuration
DA:471,1
DA:471,1
DA:472,1
DA:472,1
FN:475,EnsAuctions.setBuyNowDuration
FNDA:1,EnsAuctions.setBuyNowDuration
DA:476,1
DA:476,1
DA:477,1
DA:477,1
FN:480,EnsAuctions.setSettlementDuration
FNDA:1,EnsAuctions.setSettlementDuration
DA:481,1
DA:481,1
DA:482,1
DA:482,1
FN:485,EnsAuctions.setAntiSnipeDuration
FNDA:1,EnsAuctions.setAntiSnipeDuration
DA:486,1
DA:486,1
DA:487,1
DA:487,1
FN:505,EnsAuctions._validateTokens
FNDA:577,EnsAuctions._validateTokens
DA:506,577
DA:506,577
DA:506,2287
DA:506,2287
DA:507,1715
DA:507,1715
DA:509,1715
BRDA:509,27,0,1713
BRDA:509,27,1,2
DA:510,2
DA:510,2
DA:513,1713
DA:513,1713
DA:515,1713
BRDA:515,28,0,35
BRDA:515,28,1,-
DA:516,35
DA:516,35
DA:516,35
BRDA:516,29,0,35
BRDA:516,29,1,-
DA:516,1
DA:517,34
DA:517,34
DA:517,34
DA:518,34
DA:518,34
DA:518,34
BRDA:518,30,0,33
BRDA:518,30,1,1
DA:518,1
DA:520,1678
DA:520,1678
DA:520,1678
BRDA:520,31,0,1678
BRDA:520,31,1,-
DA:520,1
FN:531,EnsAuctions._isClaimable
FNDA:8,EnsAuctions._isClaimable
DA:532,8
DA:532,8
DA:533,8
DA:533,8
DA:534,8
DA:534,8
DA:536,8
DA:536,8
DA:536,14
DA:536,14
DA:537,12
DA:537,12
DA:539,12
BRDA:539,32,0,4
BRDA:539,32,1,-
DA:540,6
DA:540,6
BRDA:540,33,0,4
BRDA:540,33,1,-
DA:541,4
DA:541,4
DA:543,4
DA:543,4
BRDA:543,34,0,4
BRDA:543,34,1,-
DA:544,1
DA:544,1
DA:545,1
DA:545,1
DA:549,5
DA:549,5
DA:549,5
BRDA:549,35,0,5
BRDA:549,35,1,-
DA:550,1
DA:550,1
DA:551,1
DA:551,1
DA:554,4
DA:554,4
DA:554,4
DA:556,4
DA:556,4
DA:556,4
BRDA:556,36,0,3
BRDA:556,36,1,1
DA:557,1
DA:557,1
DA:558,1
DA:558,1
DA:561,6
DA:561,6
BRDA:561,37,0,4
BRDA:561,37,1,-
DA:562,4
DA:562,4
DA:564,4
DA:564,4
BRDA:564,38,0,4
BRDA:564,38,1,-
DA:565,2
DA:565,2
DA:566,2
DA:566,2
DA:570,4
DA:570,4
DA:570,4
BRDA:570,39,0,4
BRDA:570,39,1,-
DA:571,1
DA:571,1
DA:572,1
DA:572,1
DA:576,6
DA:576,6
BRDA:576,40,0,6
BRDA:576,40,1,-
DA:577,0
DA:577,0
DA:581,8
DA:581,8
FN:590,EnsAuctions._processPayment
FNDA:569,EnsAuctions._processPayment
DA:591,569
DA:591,569
DA:593,569
DA:593,569
DA:594,569
DA:594,569
DA:596,569
DA:596,569
BRDA:596,41,0,1
BRDA:596,41,1,568
DA:597,0
DA:597,0
DA:598,1
DA:598,1
DA:600,568
DA:600,568
DA:601,568
DA:601,568
DA:604,1
DA:604,1
BRDA:604,42,0,568
BRDA:604,42,1,1
DA:605,1
DA:605,1
DA:608,568
DA:608,568
FN:617,EnsAuctions._transferTokens
FNDA:11,EnsAuctions._transferTokens
DA:618,11
DA:618,11
DA:619,11
DA:619,11
DA:620,11
DA:620,11
DA:622,11
DA:622,11
DA:622,44
DA:622,44
DA:623,33
DA:623,33
DA:624,33
DA:624,33
DA:626,33
BRDA:626,43,0,6
BRDA:626,43,1,-
DA:627,6
DA:627,6
DA:629,27
DA:629,27
FN:640,EnsAuctions._resetTokens
FNDA:9,EnsAuctions._resetTokens
DA:641,9
DA:641,9
DA:643,9
DA:643,9
DA:643,36
DA:643,36
DA:644,27
DA:644,27
FNF:25
FNH:24
LF:209
LH:201
BRF:88
BRH:74
end_of_record
TN:
SF:test/lib/Mock20.sol
FN:7,Mock20.
FNDA:0,Mock20.
FN:9,Mock20.mint
FNDA:0,Mock20.mint
DA:10,0
DA:10,0
FNF:2
FNH:0
LF:1
LH:0
BRF:0
BRH:0
end_of_record
TN:
SF:test/lib/MockNameWrapper.sol
FN:12,MockNameWrapper.
FNDA:0,MockNameWrapper.
FN:14,MockNameWrapper.ownerOf
FNDA:43,MockNameWrapper.ownerOf
DA:15,43
DA:15,43
FN:18,MockNameWrapper.getApproved
FNDA:0,MockNameWrapper.getApproved
DA:19,0
DA:19,0
FN:22,MockNameWrapper.getData
FNDA:38,MockNameWrapper.getData
DA:23,38
DA:23,38
FN:26,MockNameWrapper.setFuses
FNDA:2,MockNameWrapper.setFuses
DA:27,2
DA:27,2
DA:28,2
DA:28,2
FN:31,MockNameWrapper.mint
FNDA:166,MockNameWrapper.mint
DA:32,166
DA:32,166
BRDA:32,0,0,-
BRDA:32,0,1,-
DA:34,166
DA:34,166
DA:35,166
DA:35,166
DA:37,166
DA:37,166
DA:37,1826
DA:38,1660
DA:38,1660
DA:39,1660
DA:39,1660
DA:42,1660
DA:42,1660
DA:46,166
DA:46,166
FN:49,MockNameWrapper.safeTransferFrom
FNDA:7,MockNameWrapper.safeTransferFrom
DA:56,7
DA:56,7
BRDA:56,1,0,-
BRDA:56,1,1,-
DA:57,7
DA:57,7
DA:58,7
DA:58,7
FNF:7
FNH:5
LF:16
LH:15
BRF:4
BRH:0
end_of_record
TN:
SF:test/lib/MockRegistrar.sol
FN:8,MockRegistrar.
FNDA:166,MockRegistrar.
FN:10,MockRegistrar.nameExpires
FNDA:0,MockRegistrar.nameExpires
FN:14,MockRegistrar.mint
FNDA:167,MockRegistrar.mint
DA:15,167
DA:15,167
BRDA:15,0,0,-
BRDA:15,0,1,-
DA:17,167
DA:17,167
DA:18,167
DA:18,167
DA:18,167
DA:20,167
DA:20,167
DA:20,1837
DA:21,1670
DA:21,1670
DA:24,1670
DA:24,1670
FN:29,MockRegistrar.tokenURI
FNDA:0,MockRegistrar.tokenURI
DA:30,0
DA:30,0
FNF:4
FNH:2
LF:7
LH:6
BRF:2
BRH:0
end_of_record
