TN:
SF:script/Deploy.s.sol
FN:13,DeployScript.run
FNDA:0,DeployScript.run
DA:14,0
DA:14,0
DA:16,0
DA:16,0
DA:16,0
DA:17,0
DA:17,0
DA:17,0
DA:18,0
DA:18,0
DA:18,0
DA:20,0
DA:20,0
DA:22,0
DA:22,0
DA:29,0
DA:29,0
DA:30,0
DA:30,0
DA:31,0
DA:31,0
DA:32,0
DA:32,0
DA:33,0
DA:33,0
DA:35,0
DA:35,0
FNF:1
FNH:0
LF:12
LH:0
BRF:0
BRH:0
end_of_record
TN:
SF:script/DeployAnvil.s.sol
FN:16,DeployAnvilScript.run
FNDA:0,DeployAnvilScript.run
DA:17,0
DA:17,0
DA:19,0
DA:19,0
DA:19,0
DA:21,0
DA:21,0
DA:22,0
DA:22,0
DA:24,0
DA:24,0
DA:25,0
DA:25,0
DA:27,0
DA:27,0
DA:27,0
DA:29,0
DA:29,0
DA:36,0
DA:36,0
FNF:1
FNH:0
LF:9
LH:0
BRF:0
BRH:0
end_of_record
TN:
SF:script/DeployTestnet.sol
FN:13,DeployTestnetScript.run
FNDA:0,DeployTestnetScript.run
DA:14,0
DA:14,0
DA:16,0
DA:16,0
DA:16,0
DA:17,0
DA:17,0
DA:17,0
DA:18,0
DA:18,0
DA:18,0
DA:20,0
DA:20,0
DA:22,0
DA:22,0
DA:29,0
DA:29,0
DA:30,0
DA:30,0
DA:31,0
DA:31,0
DA:33,0
DA:33,0
DA:34,0
DA:34,0
DA:35,0
DA:35,0
DA:36,0
DA:36,0
DA:37,0
DA:37,0
DA:39,0
DA:39,0
FNF:1
FNH:0
LF:15
LH:0
BRF:0
BRH:0
end_of_record
TN:
SF:src/DynamicFeeCalculator.sol
FN:37,DynamicFeeCalculator.
FNDA:11,DynamicFeeCalculator.
DA:38,11
DA:38,11
FN:41,DynamicFeeCalculator.calculateFee
FNDA:1177,DynamicFeeCalculator.calculateFee
DA:50,1177
DA:50,1177
DA:50,1177
DA:50,1177
DA:54,1177
BRDA:54,0,0,-
BRDA:54,0,1,3
DA:55,3
DA:55,3
DA:55,3
DA:55,0
DA:56,3
DA:56,3
BRDA:56,1,0,-
BRDA:56,1,1,3
DA:57,3
DA:57,3
DA:57,3
DA:57,3
DA:62,1174
DA:62,1174
FN:65,DynamicFeeCalculator._isEligibleForDiscount
FNDA:3,DynamicFeeCalculator._isEligibleForDiscount
DA:66,3
DA:66,3
BRDA:66,2,0,-
BRDA:66,2,1,1
DA:67,1
DA:67,1
DA:67,1
DA:67,1
DA:70,2
DA:70,2
BRDA:70,3,0,-
BRDA:70,3,1,1
DA:71,1
DA:71,1
DA:71,1
DA:71,1
DA:74,1
DA:74,1
DA:74,1
DA:74,1
FN:77,DynamicFeeCalculator.addDiscounts
FNDA:6,DynamicFeeCalculator.addDiscounts
DA:78,6
DA:78,6
DA:78,12
DA:78,6
DA:79,6
DA:79,6
DA:82,6
DA:82,6
FN:85,DynamicFeeCalculator.clearDiscounts
FNDA:1,DynamicFeeCalculator.clearDiscounts
DA:86,1
DA:86,1
DA:87,1
DA:87,1
FN:90,DynamicFeeCalculator.setBaseFee
FNDA:4,DynamicFeeCalculator.setBaseFee
DA:91,3
DA:91,3
DA:92,3
DA:92,3
FN:95,DynamicFeeCalculator.setLinearFee
FNDA:5,DynamicFeeCalculator.setLinearFee
DA:96,3
DA:96,3
DA:97,3
DA:97,3
FN:100,DynamicFeeCalculator.setPenaltyFee
FNDA:2,DynamicFeeCalculator.setPenaltyFee
DA:101,1
DA:101,1
DA:102,1
DA:102,1
FNF:8
FNH:8
LF:23
LH:23
BRF:8
BRH:4
end_of_record
TN:
SF:src/EnsAuctions.sol
FN:96,EnsAuctions.
FNDA:0,EnsAuctions.
DA:102,0
DA:102,0
DA:103,0
DA:103,0
DA:104,0
DA:104,0
DA:105,0
DA:105,0
DA:106,0
DA:106,0
FN:128,EnsAuctions.startAuction
FNDA:586,EnsAuctions.startAuction
DA:135,586
DA:135,586
DA:137,586
DA:137,586
DA:137,586
BRDA:137,0,0,1
BRDA:137,0,1,585
DA:137,1
DA:138,585
DA:138,585
BRDA:138,1,0,1
BRDA:138,1,1,584
DA:138,1
DA:139,584
DA:139,584
BRDA:139,2,0,1
BRDA:139,2,1,583
DA:139,1
DA:140,583
DA:140,583
DA:140,583
DA:140,581
BRDA:140,3,0,2
BRDA:140,3,1,581
DA:140,2
DA:141,581
DA:141,581
DA:141,581
DA:141,580
BRDA:141,4,0,1
BRDA:141,4,1,580
DA:141,1
DA:143,580
DA:143,580
DA:143,580
DA:144,580
DA:144,580
DA:144,580
DA:146,580
DA:146,580
DA:148,574
DA:148,574
DA:149,574
DA:149,574
DA:150,574
DA:150,574
DA:151,574
DA:151,574
DA:152,574
DA:152,574
DA:153,574
DA:153,574
DA:154,574
DA:154,574
DA:156,574
DA:156,574
DA:156,2288
DA:156,1714
DA:157,1714
DA:157,1714
DA:160,574
DA:160,574
DA:161,574
DA:161,574
DA:163,574
DA:163,574
DA:173,574
DA:173,574
DA:173,574
DA:174,574
DA:174,574
BRDA:174,5,0,-
BRDA:174,5,1,574
DA:174,0
FN:184,EnsAuctions.bid
FNDA:569,EnsAuctions.bid
DA:185,569
DA:185,569
DA:186,569
DA:186,569
DA:188,569
DA:188,569
BRDA:188,6,0,1
BRDA:188,6,1,568
DA:188,1
DA:189,568
DA:189,568
BRDA:189,7,0,1
BRDA:189,7,1,567
DA:189,1
DA:190,567
DA:190,567
BRDA:190,8,0,1
BRDA:190,8,1,566
DA:190,1
DA:191,566
DA:191,566
BRDA:191,9,0,1
BRDA:191,9,1,565
DA:191,1
DA:193,565
DA:193,565
DA:193,565
BRDA:193,10,0,1
BRDA:193,10,1,565
DA:194,1
DA:194,1
DA:197,565
DA:197,565
BRDA:197,11,0,294
BRDA:197,11,1,271
DA:198,294
DA:198,294
DA:200,271
DA:200,271
DA:203,565
DA:203,565
BRDA:203,12,0,3
BRDA:203,12,1,562
DA:203,3
DA:205,562
DA:205,562
DA:207,561
DA:207,561
DA:208,561
DA:208,561
DA:210,561
DA:210,561
DA:211,561
DA:211,561
DA:213,561
DA:213,561
DA:213,561
BRDA:213,13,0,267
BRDA:213,13,1,561
DA:214,267
DA:214,267
DA:217,561
DA:217,561
FN:227,EnsAuctions.buyNow
FNDA:7,EnsAuctions.buyNow
DA:228,7
DA:228,7
DA:230,7
DA:230,7
BRDA:230,14,0,1
BRDA:230,14,1,6
DA:230,1
DA:231,6
DA:231,6
BRDA:231,15,0,1
BRDA:231,15,1,5
DA:231,1
DA:233,5
DA:233,5
DA:235,5
DA:235,5
DA:236,5
DA:236,5
DA:237,5
DA:237,5
DA:239,5
DA:239,5
DA:240,5
DA:240,5
DA:242,5
DA:242,5
DA:244,5
DA:244,5
FN:257,EnsAuctions.claim
FNDA:10,EnsAuctions.claim
DA:258,10
DA:258,10
DA:260,10
DA:260,10
BRDA:260,16,0,2
BRDA:260,16,1,8
DA:260,2
DA:261,8
DA:261,8
BRDA:261,17,0,1
BRDA:261,17,1,7
DA:261,1
DA:263,7
DA:263,7
DA:265,7
DA:265,7
DA:266,7
DA:266,7
DA:268,7
DA:268,7
DA:270,7
DA:270,7
FN:280,EnsAuctions.markAbandoned
FNDA:7,EnsAuctions.markAbandoned
DA:281,7
DA:281,7
DA:283,7
DA:283,7
BRDA:283,18,0,1
BRDA:283,18,1,6
DA:283,1
DA:284,6
DA:284,6
BRDA:284,19,0,1
BRDA:284,19,1,5
DA:284,1
DA:285,5
DA:285,5
DA:285,5
BRDA:285,20,0,1
BRDA:285,20,1,4
DA:285,1
DA:286,4
DA:286,4
DA:286,4
BRDA:286,21,0,1
BRDA:286,21,1,3
DA:286,1
DA:288,3
DA:288,3
DA:290,3
DA:290,3
DA:291,3
DA:291,3
DA:293,3
DA:293,3
DA:295,3
DA:295,3
FN:305,EnsAuctions.markUnclaimable
FNDA:14,EnsAuctions.markUnclaimable
DA:306,14
DA:306,14
DA:308,14
DA:308,14
BRDA:308,22,0,2
BRDA:308,22,1,12
DA:308,2
DA:309,12
DA:309,12
DA:309,12
BRDA:309,23,0,2
BRDA:309,23,1,10
DA:309,2
DA:310,10
DA:310,10
BRDA:310,24,0,2
BRDA:310,24,1,8
DA:310,2
DA:311,8
DA:311,8
BRDA:311,25,0,2
BRDA:311,25,1,6
DA:311,2
DA:313,6
DA:313,6
DA:315,6
DA:315,6
DA:316,6
DA:316,6
DA:318,6
DA:318,6
DA:320,6
DA:320,6
FN:328,EnsAuctions.withdrawBalance
FNDA:5,EnsAuctions.withdrawBalance
DA:329,5
DA:329,5
DA:331,5
DA:331,5
DA:333,5
DA:333,5
DA:335,5
DA:335,5
DA:335,5
DA:336,5
DA:336,5
BRDA:336,26,0,-
BRDA:336,26,1,5
DA:336,0
FN:360,EnsAuctions.calculateFee
FNDA:587,EnsAuctions.calculateFee
DA:361,1173
DA:361,1173
DA:363,1173
DA:363,1173
DA:363,1173
FN:380,EnsAuctions.getAuctionTokens
FNDA:2,EnsAuctions.getAuctionTokens
DA:381,2
DA:381,2
DA:383,2
DA:383,2
DA:383,2
DA:385,2
DA:385,2
DA:387,2
DA:387,2
DA:387,8
DA:387,6
DA:388,6
DA:388,6
DA:391,2
DA:391,2
FN:394,EnsAuctions.getNextEventStartTime
FNDA:556,EnsAuctions.getNextEventStartTime
DA:395,1136
DA:395,1136
DA:395,1136
FN:398,EnsAuctions.getNextEventEndTime
FNDA:291,EnsAuctions.getNextEventEndTime
DA:399,871
DA:399,871
DA:399,871
DA:400,871
DA:400,871
DA:400,871
DA:402,871
DA:402,871
BRDA:402,27,0,13
BRDA:402,27,1,871
DA:403,13
DA:403,13
DA:406,871
DA:406,871
FN:409,EnsAuctions._getEventTime
FNDA:2878,EnsAuctions._getEventTime
DA:410,2878
DA:410,2878
DA:410,2878
DA:411,2878
DA:411,2878
DA:411,2878
DA:411,2878
DA:413,2878
DA:413,2878
DA:413,2878
DA:413,18
DA:413,18
BRDA:413,28,0,16
BRDA:413,28,1,2878
DA:414,16
DA:414,16
DA:417,2878
DA:417,2878
DA:417,2878
FN:426,EnsAuctions.setFeeCalculator
FNDA:2,EnsAuctions.setFeeCalculator
DA:427,1
DA:427,1
DA:428,1
DA:428,1
FN:431,EnsAuctions.setFeeRecipient
FNDA:2,EnsAuctions.setFeeRecipient
DA:432,1
DA:432,1
DA:433,1
DA:433,1
FN:436,EnsAuctions.setMaxTokens
FNDA:4,EnsAuctions.setMaxTokens
DA:437,3
DA:437,3
DA:438,3
DA:438,3
FN:441,EnsAuctions.setMinBuyNowPrice
FNDA:2,EnsAuctions.setMinBuyNowPrice
DA:442,1
DA:442,1
DA:443,1
DA:443,1
FN:446,EnsAuctions.setMinStartingBid
FNDA:1,EnsAuctions.setMinStartingBid
DA:447,1
DA:447,1
DA:448,1
DA:448,1
FN:451,EnsAuctions.setMinBidIncrement
FNDA:2,EnsAuctions.setMinBidIncrement
DA:452,2
DA:452,2
DA:453,2
DA:453,2
FN:456,EnsAuctions.setSettlementDuration
FNDA:2,EnsAuctions.setSettlementDuration
DA:457,1
DA:457,1
DA:458,1
DA:458,1
FN:461,EnsAuctions.setAntiSnipeDuration
FNDA:2,EnsAuctions.setAntiSnipeDuration
DA:462,1
DA:462,1
DA:463,1
DA:463,1
FN:466,EnsAuctions.setEventSchedule
FNDA:2,EnsAuctions.setEventSchedule
DA:472,2
DA:472,2
DA:472,2
DA:472,2
DA:472,2
DA:473,2
DA:473,2
DA:474,2
DA:474,2
DA:475,2
DA:475,2
BRDA:472,29,0,-
BRDA:472,29,1,2
DA:476,0
DA:476,0
DA:479,2
DA:479,2
DA:480,2
DA:480,2
DA:481,2
DA:481,2
DA:482,2
DA:482,2
DA:484,2
DA:484,2
FN:502,EnsAuctions._validateTokens
FNDA:580,EnsAuctions._validateTokens
DA:503,580
DA:503,580
DA:503,2294
DA:503,1714
DA:504,1720
DA:504,1720
DA:506,1720
BRDA:506,30,0,2
BRDA:506,30,1,1718
DA:506,2
DA:508,1718
DA:508,1718
DA:510,1718
BRDA:510,31,0,1
BRDA:510,31,1,33
DA:511,35
DA:511,35
DA:511,35
DA:512,35
DA:512,35
BRDA:512,32,0,1
BRDA:512,32,1,34
DA:512,1
DA:513,34
DA:513,34
DA:513,34
BRDA:513,33,0,-
BRDA:513,33,1,34
DA:513,0
DA:514,34
DA:514,34
DA:514,34
BRDA:514,34,0,1
BRDA:514,34,1,33
DA:514,1
DA:516,1683
DA:516,1683
DA:516,1683
BRDA:516,35,0,1
BRDA:516,35,1,1682
DA:516,1
DA:517,1682
DA:517,1682
DA:517,1682
DA:517,1682
BRDA:517,36,0,1
BRDA:517,36,1,1681
DA:517,1
FN:528,EnsAuctions._processPayment
FNDA:567,EnsAuctions._processPayment
DA:529,567
DA:529,567
DA:530,567
DA:530,567
DA:531,567
DA:531,567
DA:533,567
DA:533,567
BRDA:533,37,0,1
BRDA:533,37,1,566
DA:534,1
DA:534,1
DA:535,1
DA:535,1
DA:537,566
DA:537,566
DA:538,566
DA:538,566
DA:541,567
DA:541,567
BRDA:541,38,0,1
BRDA:541,38,1,566
DA:541,1
DA:543,566
DA:543,566
FN:555,EnsAuctions._transferTokens
FNDA:12,EnsAuctions._transferTokens
DA:556,12
DA:556,12
DA:557,12
DA:557,12
DA:558,12
DA:558,12
DA:560,12
DA:560,12
DA:560,48
DA:560,36
DA:561,36
DA:561,36
DA:563,36
DA:563,36
BRDA:563,39,0,-
BRDA:563,39,1,36
DA:564,0
DA:564,0
DA:567,36
DA:567,36
DA:570,12
DA:570,12
DA:570,45
DA:570,33
DA:571,34
DA:571,34
DA:573,34
BRDA:573,40,0,-
BRDA:573,40,1,6
DA:574,6
DA:574,6
DA:576,28
DA:576,28
FN:581,EnsAuctions._getActiveAuctionCount
FNDA:1173,EnsAuctions._getActiveAuctionCount
DA:582,1173
DA:582,1173
DA:584,1173
DA:584,1173
DA:584,1173
DA:584,1189
DA:584,16
DA:585,18
DA:585,18
DA:587,18
DA:587,18
DA:587,18
DA:587,16
BRDA:587,41,0,16
BRDA:587,41,1,2
DA:588,16
DA:588,16
DA:589,2
DA:589,2
BRDA:589,42,0,2
BRDA:589,42,1,-
DA:590,2
DA:590,2
DA:594,1173
DA:594,1173
FN:603,EnsAuctions._isClaimable
FNDA:8,EnsAuctions._isClaimable
DA:604,8
DA:604,8
DA:605,8
DA:605,8
DA:606,8
DA:606,8
DA:607,8
DA:607,8
DA:608,8
DA:608,8
DA:610,8
DA:610,8
DA:610,14
DA:610,6
DA:611,12
DA:611,12
DA:613,12
BRDA:613,43,0,2
BRDA:613,43,1,3
DA:614,6
DA:614,6
BRDA:614,44,0,-
BRDA:614,44,1,4
DA:615,4
DA:615,4
DA:616,4
DA:616,4
DA:619,6
DA:619,6
DA:619,6
DA:619,1
DA:619,1
DA:619,1
BRDA:619,45,0,1
BRDA:619,45,1,5
DA:620,1
DA:620,1
DA:621,1
DA:621,1
DA:624,5
DA:624,5
DA:624,5
DA:626,5
DA:626,5
DA:626,5
DA:626,4
DA:626,4
BRDA:626,46,0,2
BRDA:626,46,1,3
DA:627,2
DA:627,2
DA:628,2
DA:628,2
DA:631,6
DA:631,6
BRDA:631,47,0,-
BRDA:631,47,1,4
DA:632,4
DA:632,4
DA:633,4
DA:633,4
DA:636,6
DA:636,6
DA:636,6
DA:636,2
DA:636,2
DA:636,2
BRDA:636,48,0,2
BRDA:636,48,1,4
DA:637,2
DA:637,2
DA:638,2
DA:638,2
DA:641,4
DA:641,4
DA:641,4
BRDA:641,49,0,1
BRDA:641,49,1,3
DA:642,1
DA:642,1
DA:643,1
DA:643,1
DA:648,8
DA:648,8
FN:657,EnsAuctions._resetTokens
FNDA:9,EnsAuctions._resetTokens
DA:658,9
DA:658,9
DA:660,9
DA:660,9
DA:660,36
DA:660,27
DA:661,27
DA:661,27
FNF:28
FNH:27
LF:210
LH:203
BRF:100
BRH:91
end_of_record
TN:
SF:test/lib/Mock1155.sol
FN:7,Mock1155.mint
FNDA:1,Mock1155.mint
DA:8,1
DA:8,1
FN:11,Mock1155.mintBatch
FNDA:0,Mock1155.mintBatch
DA:12,0
DA:12,0
FN:15,Mock1155.burn
FNDA:0,Mock1155.burn
DA:16,0
DA:16,0
FN:19,Mock1155.burnBatch
FNDA:0,Mock1155.burnBatch
DA:20,0
DA:20,0
FN:23,Mock1155.uri
FNDA:0,Mock1155.uri
DA:24,0
DA:24,0
FNF:5
FNH:1
LF:5
LH:1
BRF:0
BRH:0
end_of_record
TN:
SF:test/lib/Mock20.sol
FN:7,Mock20.
FNDA:0,Mock20.
FN:9,Mock20.mint
FNDA:2,Mock20.mint
DA:10,2
DA:10,2
FNF:2
FNH:1
LF:1
LH:1
BRF:0
BRH:0
end_of_record
TN:
SF:test/lib/Mock721.sol
FN:7,Mock721.
FNDA:0,Mock721.
FN:9,Mock721.mint
FNDA:1,Mock721.mint
DA:10,1
DA:10,1
BRDA:10,0,0,-
BRDA:10,0,1,1
DA:12,1
DA:12,1
DA:13,1
DA:13,1
DA:13,1
DA:15,1
DA:15,1
DA:15,2
DA:16,1
DA:16,1
DA:19,1
DA:19,1
FN:24,Mock721.tokenURI
FNDA:0,Mock721.tokenURI
DA:25,0
DA:25,0
FNF:3
FNH:1
LF:7
LH:6
BRF:2
BRH:1
end_of_record
TN:
SF:test/lib/MockNameWrapper.sol
FN:12,MockNameWrapper.
FNDA:0,MockNameWrapper.
FN:14,MockNameWrapper.ownerOf
FNDA:3,MockNameWrapper.ownerOf
DA:15,3
DA:15,3
FN:18,MockNameWrapper.getApproved
FNDA:1,MockNameWrapper.getApproved
DA:19,1
DA:19,1
FN:22,MockNameWrapper.getData
FNDA:40,MockNameWrapper.getData
DA:23,40
DA:23,40
FN:26,MockNameWrapper.setFuses
FNDA:2,MockNameWrapper.setFuses
DA:27,2
DA:27,2
DA:28,2
DA:28,2
FN:31,MockNameWrapper.mint
FNDA:156,MockNameWrapper.mint
DA:32,156
DA:32,156
BRDA:32,0,0,-
BRDA:32,0,1,156
DA:34,156
DA:34,156
DA:35,156
DA:35,156
DA:37,156
DA:37,156
DA:37,1716
DA:38,1560
DA:38,1560
DA:39,1560
DA:39,1560
DA:42,1560
DA:42,1560
DA:46,156
DA:46,156
FN:49,MockNameWrapper.safeTransferFrom
FNDA:7,MockNameWrapper.safeTransferFrom
DA:56,7
DA:56,7
BRDA:56,1,0,-
BRDA:56,1,1,7
DA:57,7
DA:57,7
DA:58,7
DA:58,7
FNF:7
FNH:6
LF:16
LH:16
BRF:4
BRH:2
end_of_record
TN:
SF:test/lib/MockRegistrar.sol
FN:11,MockRegistrar.
FNDA:234,MockRegistrar.
FN:13,MockRegistrar.nameExpires
FNDA:1682,MockRegistrar.nameExpires
DA:14,1682
DA:14,1682
FN:17,MockRegistrar.mint
FNDA:157,MockRegistrar.mint
DA:18,157
DA:18,157
BRDA:18,0,0,-
BRDA:18,0,1,157
DA:20,157
DA:20,157
DA:21,157
DA:21,157
DA:21,157
DA:23,157
DA:23,157
DA:23,1727
DA:24,1570
DA:24,1570
DA:27,1570
DA:27,1570
FN:32,MockRegistrar.tokenURI
FNDA:0,MockRegistrar.tokenURI
DA:33,0
DA:33,0
FN:36,MockRegistrar.expireToken
FNDA:1,MockRegistrar.expireToken
DA:37,1
DA:37,1
FNF:5
FNH:4
LF:9
LH:8
BRF:2
BRH:1
end_of_record
